<?xml version="1.0" encoding="UTF-8"?>
<!-- Generated by org.testng.reporters.JUnitReportReporter -->
<testsuite hostname="Deshan" failures="0" tests="2" name="com.tbm.automation.LoginTest" time="22.076" errors="0" timestamp="2021-09-23T17:53:18 IST" skipped="0">
  <testcase classname="com.tbm.automation.LoginTest" name="test1" time="11.553"/>
  <system-out/>
  <testcase classname="com.tbm.automation.LoginTest" name="test2" time="10.523"/>
  <system-out/>
</testsuite> <!-- com.tbm.automation.LoginTest -->
