<?xml version="1.0" encoding="UTF-8"?>
<!-- Generated by org.testng.reporters.JUnitReportReporter -->
<testsuite hostname="Deshan" failures="0" tests="2" name="com.tbm.automation.LoginTest" time="23.622" errors="0" timestamp="2021-09-23T16:56:35 IST" skipped="0">
  <testcase classname="com.tbm.automation.LoginTest" name="test1" time="12.475"/>
  <system-out/>
  <testcase classname="com.tbm.automation.LoginTest" name="test2" time="11.147"/>
  <system-out/>
</testsuite> <!-- com.tbm.automation.LoginTest -->
