<?xml version="1.0" encoding="UTF-8"?>
<!-- Generated by org.testng.reporters.JUnitReportReporter -->
<testsuite hostname="Deshan" failures="0" tests="1" name="com.tbm.automation.Sample" time="13.608" errors="0" timestamp="2021-09-23T14:46:08 IST" skipped="0">
  <testcase classname="com.tbm.automation.Sample" name="test1" time="13.608"/>
  <system-out/>
</testsuite> <!-- com.tbm.automation.Sample -->
